1
0
1
ASSEMBLY
1
WINGBOX-1
WINGBOX
1
WINGBOX-1
14
-2147483646
0
48 1 16 5 0 1 0 -1 -1 6092 1 -1879048189 3 6092 
14
48 1 16 5 0 1 0 -1 -1 6092 1 -1879048189 1 6092 
2
1 1
2 2
-2147483647
1
WINGBOX-1
14
-2147483646
0
48 1 16 5 0 1 0 -1 -1 6126 1 -1879048189 1 6126 
14
48 1 16 5 0 1 0 -1 -1 6126 1 -1879048189 1 6126 
2
6127 1
6128 2
-2147483647
3
 SHADOW
0
4
2
6127 6128 
0
0
P_SET-CLAMP
0
1
0
1
WINGBOX-1
38
3667 3668 3669 3670 3671 3672 4785 4823 4861 4899 4937 4975 5013 5051 5089 5127 5165 5203 5241 5279 5280 5281 5282 5283 5284 5285 5286 5287 5288 5289 5290 5291 5773 5774 5775 5776 5777 5778 
0
P_SET-LOAD
0
1
0
1
WINGBOX-1
13
469 470 471 472 473 474 475 476 477 478 479 480 481 
0
1
WINGBOX-1
1
SET-SECTION_WINGBOX
0
1
14
-2147483647
48 1 16 5 0 1 0 -1 -1 6126 1 -1879048189 1 6126 
0
0
0
7

0
2
0
2

2
1 2 
WINGBOX-1
14
-2147483647
48 1 16 5 0 1 0 -1 -1 6092 1 -1879048189 3 6092 
0
CLAMP-SET
0
1
1
1 
0
0
LOAD-POINT-SET
0
1
1
2 
0
0
P_SET-CLAMP
0
1
0
1
WINGBOX-1
38
23 24 25 26 609 610 611 612 613 757 758 759 760 761 762 763 764 765 766 767 768 769 770 771 772 773 774 775 776 777 778 779 780 818 819 820 821 822 
0
P_SET-LOAD
0
1
0
1
WINGBOX-1
14
7 8 91 92 93 94 95 96 97 98 99 100 101 102 
0
_PICKEDSET7
0
2
1
2 
0
0
_PICKEDSET9
0
2
1
1 
0
0
2
WINGBOX-1
2
 P       1
0
2
14
-2147483647
48 1 16 5 0 1 0 -1 -1 6092 1 -1879048189 3 6092 
0
0
SET-SECTION_WINGBOX
0
1
14
-2147483647
48 1 16 5 0 1 0 -1 -1 6092 1 -1879048189 3 6092 
0
0
0

1
 P       0
0
2
2
1 2 
0
0
0
0
0
